TN:
SF:.eslintrc.js
FNF:0
FNH:0
DA:1,0
LF:1
LH:0
BRF:0
BRH:0
end_of_record
TN:
SF:server.js
FN:34,(anonymous_0)
FN:39,(anonymous_1)
FN:44,(anonymous_2)
FN:52,(anonymous_3)
FN:58,(anonymous_4)
FN:61,(anonymous_5)
FNF:6
FNH:1
FNDA:0,(anonymous_0)
FNDA:1,(anonymous_1)
FNDA:0,(anonymous_2)
FNDA:0,(anonymous_3)
FNDA:0,(anonymous_4)
FNDA:0,(anonymous_5)
DA:1,3
DA:2,3
DA:3,3
DA:4,3
DA:5,3
DA:6,3
DA:7,3
DA:9,3
DA:10,3
DA:13,3
DA:14,3
DA:17,3
DA:20,3
DA:23,3
DA:24,3
DA:27,3
DA:30,3
DA:31,3
DA:34,3
DA:35,0
DA:39,3
DA:40,1
DA:44,3
DA:46,0
DA:47,0
DA:51,3
DA:52,0
DA:54,0
DA:58,0
DA:60,0
DA:61,0
DA:63,0
DA:68,3
LF:33
LH:24
BRDA:10,0,0,3
BRDA:10,0,1,3
BRDA:51,1,0,0
BRDA:51,1,1,3
BRF:4
BRH:3
end_of_record
TN:
SF:routes/health.js
FN:6,(anonymous_0)
FN:19,(anonymous_1)
FN:24,(anonymous_2)
FNF:3
FNH:3
FNDA:6,(anonymous_0)
FNDA:2,(anonymous_1)
FNDA:2,(anonymous_2)
DA:1,3
DA:2,3
DA:4,3
DA:6,3
DA:7,6
DA:8,6
DA:16,6
DA:19,3
DA:21,2
DA:24,3
DA:26,2
DA:29,3
LF:12
LH:12
BRDA:13,0,0,6
BRDA:13,0,1,0
BRF:2
BRH:1
end_of_record
TN:
SF:routes/metrics.js
FN:35,(anonymous_0)
FN:38,(anonymous_1)
FN:55,(anonymous_2)
FNF:3
FNH:3
FNDA:18,(anonymous_0)
FNDA:18,(anonymous_1)
FNDA:6,(anonymous_2)
DA:1,3
DA:2,3
DA:3,3
DA:6,3
DA:9,3
DA:14,3
DA:17,3
DA:24,3
DA:31,3
DA:32,3
DA:35,3
DA:36,18
DA:38,18
DA:39,18
DA:40,18
DA:42,18
DA:46,18
DA:51,18
DA:55,3
DA:56,6
DA:57,6
DA:58,6
DA:59,6
DA:61,0
DA:65,3
LF:25
LH:24
BRDA:40,0,0,16
BRDA:40,0,1,2
BRF:2
BRH:2
end_of_record
